\BOOKMARK [0][-]{chapter*.1}{\376\377\000A\000b\000s\000t\000r\000a\000c\000t}{}% 1
\BOOKMARK [0][-]{chapter*.2}{\376\377\000D\000i\000s\000c\000l\000a\000i\000m\000e\000r}{}% 2
\BOOKMARK [0][-]{chapter.1}{\376\377\000I\000n\000t\000r\000o\000d\000u\000c\000t\000i\000o\000n}{}% 3
\BOOKMARK [1][-]{section.1.1}{\376\377\000B\000a\000c\000k\000g\000r\000o\000u\000n\000d}{chapter.1}% 4
\BOOKMARK [1][-]{section.1.2}{\376\377\000T\000h\000e\000s\000i\000s\000\040\000S\000t\000a\000t\000e\000m\000e\000n\000t}{chapter.1}% 5
\BOOKMARK [2][-]{subsection.1.2.1}{\376\377\000D\000e\000t\000a\000i\000l\000e\000d\000\040\000B\000r\000e\000a\000k\000d\000o\000w\000n\000\040\000o\000f\000\040\000O\000b\000j\000e\000c\000t\000i\000v\000e\000s}{section.1.2}% 6
\BOOKMARK [2][-]{subsection.1.2.2}{\376\377\000S\000u\000p\000p\000o\000r\000t\000i\000n\000g\000\040\000C\000o\000n\000c\000e\000p\000t\000s\000\040\000a\000n\000d\000\040\000T\000o\000o\000l\000s}{section.1.2}% 7
\BOOKMARK [1][-]{section.1.3}{\376\377\000S\000c\000o\000p\000e}{chapter.1}% 8
\BOOKMARK [2][-]{subsection.1.3.1}{\376\377\000L\000i\000m\000i\000t\000a\000t\000i\000o\000n\000s}{section.1.3}% 9
\BOOKMARK [2][-]{subsection.1.3.2}{\376\377\000R\000a\000t\000i\000o\000n\000a\000l\000e\000\040\000f\000o\000r\000\040\000S\000c\000o\000p\000e}{section.1.3}% 10
\BOOKMARK [2][-]{subsection.1.3.3}{\376\377\000I\000m\000p\000l\000i\000c\000a\000t\000i\000o\000n\000s\000\040\000o\000f\000\040\000S\000c\000o\000p\000e}{section.1.3}% 11
\BOOKMARK [1][-]{section.1.4}{\376\377\000S\000t\000r\000u\000c\000t\000u\000r\000e}{chapter.1}% 12
\BOOKMARK [0][-]{chapter.2}{\376\377\000S\000t\000a\000t\000e\000\040\000o\000f\000\040\000t\000h\000e\000\040\000A\000r\000t\000\040\000i\000n\000\040\000H\000a\000r\000d\000w\000a\000r\000e\000\040\000S\000e\000c\000u\000r\000i\000t\000y\000\040\000F\000l\000a\000w\000s}{}% 13
\BOOKMARK [1][-]{section.2.1}{\376\377\000H\000i\000s\000t\000o\000r\000i\000c\000a\000l\000\040\000O\000v\000e\000r\000v\000i\000e\000w}{chapter.2}% 14
\BOOKMARK [2][-]{subsection.2.1.1}{\376\377\000M\000i\000l\000e\000s\000t\000o\000n\000e\000s}{section.2.1}% 15
\BOOKMARK [1][-]{section.2.2}{\376\377\000T\000y\000p\000e\000s\000\040\000o\000f\000\040\000H\000a\000r\000d\000w\000a\000r\000e\000\040\000F\000l\000a\000w\000s}{chapter.2}% 16
\BOOKMARK [2][-]{subsection.2.2.1}{\376\377\000P\000h\000y\000s\000i\000c\000a\000l\000\040\000V\000u\000l\000n\000e\000r\000a\000b\000i\000l\000i\000t\000i\000e\000s}{section.2.2}% 17
\BOOKMARK [2][-]{subsection.2.2.2}{\376\377\000S\000i\000d\000e\000-\000c\000h\000a\000n\000n\000e\000l\000\040\000A\000t\000t\000a\000c\000k\000s}{section.2.2}% 18
\BOOKMARK [1][-]{section.2.3}{\376\377\000M\000i\000t\000i\000g\000a\000t\000i\000o\000n\000\040\000S\000t\000r\000a\000t\000e\000g\000i\000e\000s}{chapter.2}% 19
\BOOKMARK [2][-]{subsection.2.3.1}{\376\377\000P\000r\000e\000e\000m\000p\000t\000i\000v\000e\000\040\000M\000e\000a\000s\000u\000r\000e\000s}{section.2.3}% 20
\BOOKMARK [2][-]{subsection.2.3.2}{\376\377\000R\000e\000a\000c\000t\000i\000v\000e\000\040\000S\000t\000r\000a\000t\000e\000g\000i\000e\000s}{section.2.3}% 21
\BOOKMARK [1][-]{section.2.4}{\376\377\000C\000u\000r\000r\000e\000n\000t\000\040\000C\000h\000a\000l\000l\000e\000n\000g\000e\000s\000\040\000i\000n\000\040\000H\000a\000r\000d\000w\000a\000r\000e\000\040\000S\000e\000c\000u\000r\000i\000t\000y}{chapter.2}% 22
\BOOKMARK [2][-]{subsection.2.4.1}{\376\377\000F\000u\000t\000u\000r\000e\000\040\000R\000e\000s\000e\000a\000r\000c\000h\000\040\000D\000i\000r\000e\000c\000t\000i\000o\000n\000s}{section.2.4}% 23
\BOOKMARK [1][-]{section.2.5}{\376\377\000C\000o\000n\000c\000l\000u\000s\000i\000o\000n\000:\000\040\000N\000a\000v\000i\000g\000a\000t\000i\000n\000g\000\040\000t\000h\000e\000\040\000L\000a\000n\000d\000s\000c\000a\000p\000e\000\040\000o\000f\000\040\000H\000a\000r\000d\000w\000a\000r\000e\000\040\000S\000e\000c\000u\000r\000i\000t\000y}{chapter.2}% 24
