This is pdfTeX, Version 3.141592653-2.6-1.40.22 (TeX Live 2022/dev/Debian) (preloaded format=pdflatex 2024.3.16)  4 MAY 2024 14:33
entering extended mode
 \write18 enabled.
 file:line:error style messages enabled.
 %&-line parsing enabled.
**/home/hectellian/Documents/bachelorproject/main.tex
(/home/hectellian/Documents/bachelorproject/main.tex
LaTeX2e <2021-11-15> patch level 1
L3 programming layer <2022-01-21> (./template.cls
Document Class: template 
(/usr/share/texlive/texmf-dist/tex/latex/setspace/setspace.sty
Package: setspace 2011/12/19 v6.7a set line spacing
) (/usr/share/texlive/texmf-dist/tex/latex/base/report.cls
Document Class: report 2021/10/04 v1.4n Standard LaTeX document class
(/usr/share/texlive/texmf-dist/tex/latex/base/size11.clo
File: size11.clo 2021/10/04 v1.4n Standard LaTeX file (size option)
)
\c@part=\count185
\c@chapter=\count186
\c@section=\count187
\c@subsection=\count188
\c@subsubsection=\count189
\c@paragraph=\count190
\c@subparagraph=\count191
\c@figure=\count192
\c@table=\count193
\abovecaptionskip=\skip47
\belowcaptionskip=\skip48
\bibindent=\dimen138
)) (/usr/share/texlive/texmf-dist/tex/latex/graphics/graphicx.sty
Package: graphicx 2021/09/16 v1.2d Enhanced LaTeX Graphics (DPC,SPQR)
 (/usr/share/texlive/texmf-dist/tex/latex/graphics/keyval.sty
Package: keyval 2014/10/28 v1.15 key=value parser (DPC)
\KV@toks@=\toks16
) (/usr/share/texlive/texmf-dist/tex/latex/graphics/graphics.sty
Package: graphics 2021/03/04 v1.4d Standard LaTeX Graphics (DPC,SPQR)
 (/usr/share/texlive/texmf-dist/tex/latex/graphics/trig.sty
Package: trig 2021/08/11 v1.11 sin cos tan (DPC)
) (/usr/share/texlive/texmf-dist/tex/latex/graphics-cfg/graphics.cfg
File: graphics.cfg 2016/06/04 v1.11 sample graphics configuration
)
Package graphics Info: Driver file: pdftex.def on input line 107.
 (/usr/share/texlive/texmf-dist/tex/latex/graphics-def/pdftex.def
File: pdftex.def 2020/10/05 v1.2a Graphics/color driver for pdftex
))
\Gin@req@height=\dimen139
\Gin@req@width=\dimen140
) (/usr/share/texlive/texmf-dist/tex/latex/parskip/parskip.sty
Package: parskip 2021-03-14 v2.0h non-zero parskip adjustments
 (/usr/share/texlive/texmf-dist/tex/latex/kvoptions/kvoptions.sty
Package: kvoptions 2020-10-07 v3.14 Key value format for package options (HO)
 (/usr/share/texlive/texmf-dist/tex/generic/ltxcmds/ltxcmds.sty
Package: ltxcmds 2020-05-10 v1.25 LaTeX kernel commands for general use (HO)
) (/usr/share/texlive/texmf-dist/tex/generic/kvsetkeys/kvsetkeys.sty
Package: kvsetkeys 2019/12/15 v1.18 Key value parser (HO)
)) (/usr/share/texlive/texmf-dist/tex/latex/etoolbox/etoolbox.sty
Package: etoolbox 2020/10/05 v2.5k e-TeX tools for LaTeX (JAW)
\etb@tempcnta=\count194
)) (/usr/share/texlive/texmf-dist/tex/latex/appendix/appendix.sty
Package: appendix 2020/02/08 v1.2c extra appendix facilities
\c@@pps=\count195
\c@@ppsavesec=\count196
\c@@ppsaveapp=\count197
) (/usr/share/texlive/texmf-dist/tex/latex/float/float.sty
Package: float 2001/11/08 v1.3d Float enhancements (AL)
\c@float@type=\count198
\float@exts=\toks17
\float@box=\box50
\@float@everytoks=\toks18
\@floatcapt=\box51
) (/usr/share/texlive/texmf-dist/tex/latex/caption/subcaption.sty
Package: subcaption 2020/10/07 v1.3j Sub-captions (AR)
 (/usr/share/texlive/texmf-dist/tex/latex/caption/caption.sty
Package: caption 2020/10/26 v3.5g Customizing captions (AR)
 (/usr/share/texlive/texmf-dist/tex/latex/caption/caption3.sty
Package: caption3 2020/10/21 v2.2e caption3 kernel (AR)
\captionmargin=\dimen141
\captionmargin@=\dimen142
\captionwidth=\dimen143
\caption@tempdima=\dimen144
\caption@indent=\dimen145
\caption@parindent=\dimen146
\caption@hangindent=\dimen147
Package caption Info: Standard document class detected.
)
\c@caption@flags=\count199
\c@continuedfloat=\count266
Package caption Info: float package is loaded.
)
\c@subfigure=\count267
\c@subtable=\count268
) (/usr/share/texlive/texmf-dist/tex/latex/fancyhdr/fancyhdr.sty
Package: fancyhdr 2021/01/28 v4.0.1 Extensive control of page headers and footers
\f@nch@headwidth=\skip49
\f@nch@O@elh=\skip50
\f@nch@O@erh=\skip51
\f@nch@O@olh=\skip52
\f@nch@O@orh=\skip53
\f@nch@O@elf=\skip54
\f@nch@O@erf=\skip55
\f@nch@O@olf=\skip56
\f@nch@O@orf=\skip57
) (/usr/share/texlive/texmf-dist/tex/latex/lastpage/lastpage.sty
Package: lastpage 2021/09/03 v1.2n Refers to last page's name (HMM; JPG)
) (/usr/share/texlive/texmf-dist/tex/latex/algorithm2e/algorithm2e.sty
Package: algorithm2e 2017/07/18 v5.2 algorithms environments
\c@AlgoLine=\count269
 (/usr/share/texlive/texmf-dist/tex/latex/base/ifthen.sty
Package: ifthen 2020/11/24 v1.1c Standard LaTeX ifthen package (DPC)
)
\algocf@hangindent=\skip58
 (/usr/share/texlive/texmf-dist/tex/latex/ifoddpage/ifoddpage.sty
Package: ifoddpage 2016/04/23 v1.1 Conditionals for odd/even page detection
\c@checkoddpage=\count270
) (/usr/share/texlive/texmf-dist/tex/latex/tools/xspace.sty
Package: xspace 2014/10/28 v1.13 Space after command names (DPC,MH)
) (/usr/share/texlive/texmf-dist/tex/latex/relsize/relsize.sty
Package: relsize 2013/03/29 ver 4.1
)
\skiptotal=\skip59
\skiplinenumber=\skip60
\skiprule=\skip61
\skiphlne=\skip62
\skiptext=\skip63
\skiplength=\skip64
\algomargin=\skip65
\skipalgocfslide=\skip66
\algowidth=\dimen148
\inoutsize=\dimen149
\inoutindent=\dimen150
\interspacetitleruled=\dimen151
\interspacealgoruled=\dimen152
\interspacetitleboxruled=\dimen153
\algocf@ruledwidth=\skip67
\algocf@inoutbox=\box52
\algocf@inputbox=\box53
\AlCapSkip=\skip68
\AlCapHSkip=\skip69
\algoskipindent=\skip70
\algocf@nlbox=\box54
\algocf@hangingbox=\box55
\algocf@untilbox=\box56
\algocf@skipuntil=\skip71
\algocf@capbox=\box57
\algocf@lcaptionbox=\skip72
\algoheightruledefault=\skip73
\algoheightrule=\skip74
\algotitleheightruledefault=\skip75
\algotitleheightrule=\skip76
\c@algocfline=\count271
\c@algocfproc=\count272
\c@algocf=\count273
\algocf@algoframe=\box58
\algocf@algobox=\box59
) (/usr/share/texlive/texmf-dist/tex/latex/url/url.sty
\Urlmuskip=\muskip16
Package: url 2013/09/16  ver 3.4  Verb mode for urls, etc.
) (/usr/share/texlive/texmf-dist/tex/latex/amsmath/amsmath.sty
Package: amsmath 2021/10/15 v2.17l AMS math features
\@mathmargin=\skip77

For additional information on amsmath, use the `?' option.
(/usr/share/texlive/texmf-dist/tex/latex/amsmath/amstext.sty
Package: amstext 2021/08/26 v2.01 AMS text
 (/usr/share/texlive/texmf-dist/tex/latex/amsmath/amsgen.sty
File: amsgen.sty 1999/11/30 v2.0 generic functions
\@emptytoks=\toks19
\ex@=\dimen154
)) (/usr/share/texlive/texmf-dist/tex/latex/amsmath/amsbsy.sty
Package: amsbsy 1999/11/29 v1.2d Bold Symbols
\pmbraise@=\dimen155
) (/usr/share/texlive/texmf-dist/tex/latex/amsmath/amsopn.sty
Package: amsopn 2021/08/26 v2.02 operator names
)
\inf@bad=\count274
LaTeX Info: Redefining \frac on input line 234.
\uproot@=\count275
\leftroot@=\count276
LaTeX Info: Redefining \overline on input line 399.
\classnum@=\count277
\DOTSCASE@=\count278
LaTeX Info: Redefining \ldots on input line 496.
LaTeX Info: Redefining \dots on input line 499.
LaTeX Info: Redefining \cdots on input line 620.
\Mathstrutbox@=\box60
\strutbox@=\box61
\big@size=\dimen156
LaTeX Font Info:    Redeclaring font encoding OML on input line 743.
LaTeX Font Info:    Redeclaring font encoding OMS on input line 744.
\macc@depth=\count279
\c@MaxMatrixCols=\count280
\dotsspace@=\muskip17
\c@parentequation=\count281
\dspbrk@lvl=\count282
\tag@help=\toks20
\row@=\count283
\column@=\count284
\maxfields@=\count285
\andhelp@=\toks21
\eqnshift@=\dimen157
\alignsep@=\dimen158
\tagshift@=\dimen159
\tagwidth@=\dimen160
\totwidth@=\dimen161
\lineht@=\dimen162
\@envbody=\toks22
\multlinegap=\skip78
\multlinetaggap=\skip79
\mathdisplay@stack=\toks23
LaTeX Info: Redefining \[ on input line 2938.
LaTeX Info: Redefining \] on input line 2939.
) (/usr/share/texlive/texmf-dist/tex/latex/amsfonts/amssymb.sty
Package: amssymb 2013/01/14 v3.01 AMS font symbols
 (/usr/share/texlive/texmf-dist/tex/latex/amsfonts/amsfonts.sty
Package: amsfonts 2013/01/14 v3.01 Basic AMSFonts support
\symAMSa=\mathgroup4
\symAMSb=\mathgroup5
LaTeX Font Info:    Redeclaring math symbol \hbar on input line 98.
LaTeX Font Info:    Overwriting math alphabet `\mathfrak' in version `bold'
(Font)                  U/euf/m/n --> U/euf/b/n on input line 106.
)) (/usr/share/texlive/texmf-dist/tex/latex/fancybox/fancybox.sty
Package: fancybox 2010/05/15 1.4

Style option: `fancybox' v1.4 <2010/05/15> (tvz)
\@fancybox=\box62
\shadowsize=\dimen163
\@Sbox=\box63
\do@VerbBox=\toks24
\the@fancyput=\toks25
\this@fancyput=\toks26
\EndVerbatimTokens=\toks27
\Verbatim@Outfile=\write3
\Verbatim@Infile=\read2
) (/usr/share/texlive/texmf-dist/tex/latex/listings/listings.sty
\lst@mode=\count286
\lst@gtempboxa=\box64
\lst@token=\toks28
\lst@length=\count287
\lst@currlwidth=\dimen164
\lst@column=\count288
\lst@pos=\count289
\lst@lostspace=\dimen165
\lst@width=\dimen166
\lst@newlines=\count290
\lst@lineno=\count291
\lst@maxwidth=\dimen167
 (/usr/share/texlive/texmf-dist/tex/latex/listings/lstmisc.sty
File: lstmisc.sty 2020/03/24 1.8d (Carsten Heinz)
\c@lstnumber=\count292
\lst@skipnumbers=\count293
\lst@framebox=\box65
) (/usr/share/texlive/texmf-dist/tex/latex/listings/listings.cfg
File: listings.cfg 2020/03/24 1.8d listings configuration
))
Package: listings 2020/03/24 1.8d (Carsten Heinz)
 (/usr/share/texlive/texmf-dist/tex/latex/pdfpages/pdfpages.sty
Package: pdfpages 2022/01/29 v0.5u Insert pages of external PDF documents (AM)
 (/usr/share/texlive/texmf-dist/tex/latex/tools/calc.sty
Package: calc 2017/05/25 v4.3 Infix arithmetic (KKT,FJ)
\calc@Acount=\count294
\calc@Bcount=\count295
\calc@Adimen=\dimen168
\calc@Bdimen=\dimen169
\calc@Askip=\skip80
\calc@Bskip=\skip81
LaTeX Info: Redefining \setlength on input line 80.
LaTeX Info: Redefining \addtolength on input line 81.
\calc@Ccount=\count296
\calc@Cskip=\skip82
) (/usr/share/texlive/texmf-dist/tex/latex/eso-pic/eso-pic.sty
Package: eso-pic 2020/10/14 v3.0a eso-pic (RN)
\ESO@tempdima=\dimen170
\ESO@tempdimb=\dimen171
 (/usr/share/texlive/texmf-dist/tex/latex/xcolor/xcolor.sty
Package: xcolor 2021/10/31 v2.13 LaTeX color extensions (UK)
 (/usr/share/texlive/texmf-dist/tex/latex/graphics-cfg/color.cfg
File: color.cfg 2016/01/02 v1.6 sample color configuration
)
Package xcolor Info: Driver file: pdftex.def on input line 227.
Package xcolor Info: Model `cmy' substituted by `cmy0' on input line 1352.
Package xcolor Info: Model `hsb' substituted by `rgb' on input line 1356.
Package xcolor Info: Model `RGB' extended on input line 1368.
Package xcolor Info: Model `HTML' substituted by `rgb' on input line 1370.
Package xcolor Info: Model `Hsb' substituted by `hsb' on input line 1371.
Package xcolor Info: Model `tHsb' substituted by `hsb' on input line 1372.
Package xcolor Info: Model `HSB' substituted by `hsb' on input line 1373.
Package xcolor Info: Model `Gray' substituted by `gray' on input line 1374.
Package xcolor Info: Model `wave' substituted by `hsb' on input line 1375.
))
\AM@pagewidth=\dimen172
\AM@pageheight=\dimen173
\AM@fboxrule=\dimen174
 (/usr/share/texlive/texmf-dist/tex/latex/pdfpages/pppdftex.def
File: pppdftex.def 2022/01/29 v0.5u Pdfpages driver for pdfTeX (AM)
)
\pdfpages@includegraphics@status=\count297
\AM@pagebox=\box66
\AM@global@opts=\toks29
\AM@pagecnt=\count298
\AM@toc@title=\toks30
\c@AM@survey=\count299
\AM@templatesizebox=\box67
) (/usr/share/texlive/texmf-dist/tex/latex/tools/multicol.sty
Package: multicol 2021/10/28 v1.9b multicolumn formatting (FMi)
\c@tracingmulticols=\count300
\mult@box=\box68
\multicol@leftmargin=\dimen175
\c@unbalance=\count301
\c@collectmore=\count302
\doublecol@number=\count303
\multicoltolerance=\count304
\multicolpretolerance=\count305
\full@width=\dimen176
\page@free=\dimen177
\premulticols=\dimen178
\postmulticols=\dimen179
\multicolsep=\skip83
\multicolbaselineskip=\skip84
\partial@page=\box69
\last@line=\box70
\maxbalancingoverflow=\dimen180
\mult@rightbox=\box71
\mult@grightbox=\box72
\mult@firstbox=\box73
\mult@gfirstbox=\box74
\@tempa=\box75
\@tempa=\box76
\@tempa=\box77
\@tempa=\box78
\@tempa=\box79
\@tempa=\box80
\@tempa=\box81
\@tempa=\box82
\@tempa=\box83
\@tempa=\box84
\@tempa=\box85
\@tempa=\box86
\@tempa=\box87
\@tempa=\box88
\@tempa=\box89
\@tempa=\box90
\@tempa=\box91
\@tempa=\box92
\@tempa=\box93
\@tempa=\box94
\@tempa=\box95
\@tempa=\box96
\@tempa=\box97
\@tempa=\box98
\@tempa=\box99
\@tempa=\box100
\@tempa=\box101
\@tempa=\box102
\@tempa=\box103
\@tempa=\box104
\@tempa=\box105
\@tempa=\box106
\@tempa=\box107
\@tempa=\box108
\@tempa=\box109
\@tempa=\box110
\c@minrows=\count306
\c@columnbadness=\count307
\c@finalcolumnbadness=\count308
\last@try=\dimen181
\multicolovershoot=\dimen182
\multicolundershoot=\dimen183
\mult@nat@firstbox=\box111
\colbreak@box=\box112
\mc@col@check@num=\count309
) (/usr/share/texlive/texmf-dist/tex/latex/datetime/datetime.sty
Package: datetime 2015/03/20 v2.60 Date Time Package
 (/usr/share/texlive/texmf-dist/tex/latex/fmtcount/fmtcount.sty
Package: fmtcount 2020/01/30 v3.07
 (/usr/share/texlive/texmf-dist/tex/latex/xkeyval/xkeyval.sty
Package: xkeyval 2020/11/20 v2.8 package option processing (HA)
 (/usr/share/texlive/texmf-dist/tex/generic/xkeyval/xkeyval.tex (/usr/share/texlive/texmf-dist/tex/generic/xkeyval/xkvutils.tex
\XKV@toks=\toks31
\XKV@tempa@toks=\toks32
)
\XKV@depth=\count310
File: xkeyval.tex 2014/12/03 v2.7a key=value parser (HA)
)) (/usr/share/texlive/texmf-dist/tex/latex/fmtcount/fcprefix.sty
Package: fcprefix 2012/09/28
 (/usr/share/texlive/texmf-dist/tex/latex/fmtcount/fcnumparser.sty
Package: fcnumparser 2017/06/15
\fc@digit@counter=\count311
))
\c@padzeroesN=\count312
\fc@tmpcatcode=\count313
\@DT@modctr=\count314
\@ordinalctr=\count315
\@orgargctr=\count316
\@strctr=\count317
\@tmpstrctr=\count318
\@DT@loopN=\count319
\@DT@X=\count320
) (/usr/share/texlive/texmf-dist/tex/latex/datetime/datetime-defaults.sty
Package: datetime-defaults 2013/09/10
)
\@day=\count321
\@month=\count322
\@year=\count323
\c@HOUR=\count324
\c@HOURXII=\count325
\c@MINUTE=\count326
\c@TOHOUR=\count327
\c@TOMINUTE=\count328
\c@SECOND=\count329
\currenthour=\count330
\currentminute=\count331
\currentsecond=\count332
Package datetime Info: No datetime.cfg file found, using default settings on input line 308.
\@dtctr=\count333
\dayofyear=\count334
\dayofweek=\count335
LaTeX Info: Redefining \today on input line 736.
\dt@a=\toks33
\dt@b=\toks34
) (/usr/share/texlive/texmf-dist/tex/latex/graphics/rotating.sty
Package: rotating 2016/08/11 v2.16d rotated objects in LaTeX
\c@r@tfl@t=\count336
\rotFPtop=\skip85
\rotFPbot=\skip86
\rot@float@box=\box113
\rot@mess@toks=\toks35
) (/usr/share/texlive/texmf-dist/tex/latex/booktabs/booktabs.sty
Package: booktabs 2020/01/12 v1.61803398 Publication quality tables
\heavyrulewidth=\dimen184
\lightrulewidth=\dimen185
\cmidrulewidth=\dimen186
\belowrulesep=\dimen187
\belowbottomsep=\dimen188
\aboverulesep=\dimen189
\abovetopsep=\dimen190
\cmidrulesep=\dimen191
\cmidrulekern=\dimen192
\defaultaddspace=\dimen193
\@cmidla=\count337
\@cmidlb=\count338
\@aboverulesep=\dimen194
\@belowrulesep=\dimen195
\@thisruleclass=\count339
\@lastruleclass=\count340
\@thisrulewidth=\dimen196
) (/usr/share/texlive/texmf-dist/tex/latex/minted/minted.sty
Package: minted 2021/12/24 v2.6 Yet another Pygments shim for LaTeX
 (/usr/share/texlive/texmf-dist/tex/latex/fvextra/fvextra.sty
Package: fvextra 2019/02/04 v1.4 fvextra - extensions and patches for fancyvrb
 (/usr/share/texlive/texmf-dist/tex/latex/fancyvrb/fancyvrb.sty
Package: fancyvrb 2021/12/21 4.1b verbatim text (tvz,hv)
\FV@CodeLineNo=\count341
\FV@InFile=\read3
\FV@TabBox=\box114
\c@FancyVerbLine=\count342
\FV@StepNumber=\count343
\FV@OutFile=\write4
LaTeX Info: Redefining \UseVerb on input line 1241.
) (/usr/share/texlive/texmf-dist/tex/latex/upquote/upquote.sty
Package: upquote 2012/04/19 v1.3 upright-quote and grave-accent glyphs in verbatim
) (/usr/share/texlive/texmf-dist/tex/latex/lineno/lineno.sty
Package: lineno 2005/11/02 line numbers on paragraphs v4.41
\linenopenalty=\count344
\output=\toks36
\linenoprevgraf=\count345
\linenumbersep=\dimen197
\linenumberwidth=\dimen198
\c@linenumber=\count346
\c@pagewiselinenumber=\count347
\c@LN@truepage=\count348
\c@internallinenumber=\count349
\c@internallinenumbers=\count350
\quotelinenumbersep=\dimen199
\bframerule=\dimen256
\bframesep=\dimen257
\bframebox=\box115
LaTeX Info: Redefining \\ on input line 3056.
)
\c@FV@TrueTabGroupLevel=\count351
\c@FV@TrueTabCounter=\count352
\FV@TabBox@Group=\box116
\FV@TmpLength=\skip87
\c@FV@HighlightLinesStart=\count353
\c@FV@HighlightLinesStop=\count354
\FV@LoopCount=\count355
\FV@NCharsBox=\box117
\FV@BreakIndent=\dimen258
\FV@BreakIndentNChars=\count356
\FV@BreakSymbolSepLeft=\dimen259
\FV@BreakSymbolSepLeftNChars=\count357
\FV@BreakSymbolSepRight=\dimen260
\FV@BreakSymbolSepRightNChars=\count358
\FV@BreakSymbolIndentLeft=\dimen261
\FV@BreakSymbolIndentLeftNChars=\count359
\FV@BreakSymbolIndentRight=\dimen262
\FV@BreakSymbolIndentRightNChars=\count360
\c@FancyVerbLineBreakLast=\count361
\FV@LineBox=\box118
\FV@LineIndentBox=\box119
\FV@LineWidth=\dimen263
) (/usr/share/texlive/texmf-dist/tex/latex/tools/shellesc.sty
Package: shellesc 2019/11/08 v1.0c unified shell escape interface for LaTeX
Package shellesc Info: Unrestricted shell escape enabled on input line 75.
) (/usr/share/texlive/texmf-dist/tex/latex/ifplatform/ifplatform.sty
Package: ifplatform 2017/10/13 v0.4a Testing for the operating system
 (/usr/share/texlive/texmf-dist/tex/generic/pdftexcmds/pdftexcmds.sty
Package: pdftexcmds 2020-06-27 v0.33 Utility functions of pdfTeX for LuaTeX (HO)
 (/usr/share/texlive/texmf-dist/tex/generic/infwarerr/infwarerr.sty
Package: infwarerr 2019/12/03 v1.5 Providing info/warning/error messages (HO)
) (/usr/share/texlive/texmf-dist/tex/generic/iftex/iftex.sty
Package: iftex 2020/03/06 v1.0d TeX engine tests
)
Package pdftexcmds Info: \pdf@primitive is available.
Package pdftexcmds Info: \pdf@ifprimitive is available.
Package pdftexcmds Info: \pdfdraftmode found.
) (/usr/share/texlive/texmf-dist/tex/generic/catchfile/catchfile.sty
Package: catchfile 2019/12/09 v1.8 Catch the contents of a file (HO)
 (/usr/share/texlive/texmf-dist/tex/generic/etexcmds/etexcmds.sty
Package: etexcmds 2019/12/15 v1.7 Avoid name clashes with e-TeX commands (HO)
)) (/usr/share/texlive/texmf-dist/tex/generic/iftex/ifluatex.sty
Package: ifluatex 2019/10/25 v1.5 ifluatex legacy package. Use iftex instead.
)
runsystem(uname -s > "main.w18")...executed.

 (./main.w18)
runsystem(rm -- "main.w18")...executed.

) (/usr/share/texlive/texmf-dist/tex/generic/xstring/xstring.sty (/usr/share/texlive/texmf-dist/tex/generic/xstring/xstring.tex
\integerpart=\count362
\decimalpart=\count363
)
Package: xstring 2021/07/21 v1.84 String manipulations (CT)
) (/usr/share/texlive/texmf-dist/tex/latex/framed/framed.sty
Package: framed 2011/10/22 v 0.96: framed or shaded text with page breaks
\OuterFrameSep=\skip88
\fb@frw=\dimen264
\fb@frh=\dimen265
\FrameRule=\dimen266
\FrameSep=\dimen267
)
\minted@appexistsfile=\read4
\minted@bgbox=\box120
\minted@code=\write5
\c@minted@FancyVerbLineTemp=\count364
\c@minted@pygmentizecounter=\count365
\@float@every@listing=\toks37
\c@listing=\count366
)
runsystem(mkdir -p _minted-main)...executed.

 (/usr/share/texlive/texmf-dist/tex/latex/epigraph/epigraph.sty
Package: epigraph 2020/01/02 v1.5e typesetting epigraphs
 (/usr/share/texlive/texmf-dist/tex/latex/nextpage/nextpage.sty
Package: nextpage 2009/09/03 v1.1a additional page commands
)
\beforeepigraphskip=\skip89
\afterepigraphskip=\skip90
\epigraphwidth=\skip91
\epigraphrule=\skip92
) (/usr/share/texlive/texmf-dist/tex/latex/hyperref/hyperref.sty
Package: hyperref 2021-06-07 v7.00m Hypertext links for LaTeX
 (/usr/share/texlive/texmf-dist/tex/generic/kvdefinekeys/kvdefinekeys.sty
Package: kvdefinekeys 2019-12-19 v1.6 Define keys (HO)
) (/usr/share/texlive/texmf-dist/tex/generic/pdfescape/pdfescape.sty
Package: pdfescape 2019/12/09 v1.15 Implements pdfTeX's escape features (HO)
) (/usr/share/texlive/texmf-dist/tex/latex/hycolor/hycolor.sty
Package: hycolor 2020-01-27 v1.10 Color options for hyperref/bookmark (HO)
) (/usr/share/texlive/texmf-dist/tex/latex/letltxmacro/letltxmacro.sty
Package: letltxmacro 2019/12/03 v1.6 Let assignment for LaTeX macros (HO)
) (/usr/share/texlive/texmf-dist/tex/latex/auxhook/auxhook.sty
Package: auxhook 2019-12-17 v1.6 Hooks for auxiliary files (HO)
)
\@linkdim=\dimen268
\Hy@linkcounter=\count367
\Hy@pagecounter=\count368
 (/usr/share/texlive/texmf-dist/tex/latex/hyperref/pd1enc.def
File: pd1enc.def 2021-06-07 v7.00m Hyperref: PDFDocEncoding definition (HO)
Now handling font encoding PD1 ...
... no UTF-8 mapping file for font encoding PD1
) (/usr/share/texlive/texmf-dist/tex/latex/hyperref/hyperref-langpatches.def
File: hyperref-langpatches.def 2021-06-07 v7.00m Hyperref: patches for babel languages
) (/usr/share/texlive/texmf-dist/tex/generic/intcalc/intcalc.sty
Package: intcalc 2019/12/15 v1.3 Expandable calculations with integers (HO)
)
\Hy@SavedSpaceFactor=\count369
 (/usr/share/texlive/texmf-dist/tex/latex/hyperref/puenc.def
File: puenc.def 2021-06-07 v7.00m Hyperref: PDF Unicode definition (HO)
Now handling font encoding PU ...
... no UTF-8 mapping file for font encoding PU
)
Package hyperref Info: Option `pdffitwindow' set `true' on input line 4073.
Package hyperref Info: Hyper figures OFF on input line 4192.
Package hyperref Info: Link nesting OFF on input line 4197.
Package hyperref Info: Hyper index ON on input line 4200.
Package hyperref Info: Plain pages OFF on input line 4207.
Package hyperref Info: Backreferencing OFF on input line 4212.
Package hyperref Info: Implicit mode ON; LaTeX internals redefined.
Package hyperref Info: Bookmarks ON on input line 4445.
\c@Hy@tempcnt=\count370
LaTeX Info: Redefining \url on input line 4804.
\XeTeXLinkMargin=\dimen269
 (/usr/share/texlive/texmf-dist/tex/generic/bitset/bitset.sty
Package: bitset 2019/12/09 v1.3 Handle bit-vector datatype (HO)
 (/usr/share/texlive/texmf-dist/tex/generic/bigintcalc/bigintcalc.sty
Package: bigintcalc 2019/12/15 v1.5 Expandable calculations on big integers (HO)
))
\Fld@menulength=\count371
\Field@Width=\dimen270
\Fld@charsize=\dimen271
Package hyperref Info: Hyper figures OFF on input line 6076.
Package hyperref Info: Link nesting OFF on input line 6081.
Package hyperref Info: Hyper index ON on input line 6084.
Package hyperref Info: backreferencing OFF on input line 6091.
Package hyperref Info: Link coloring OFF on input line 6096.
Package hyperref Info: Link coloring with OCG OFF on input line 6101.
Package hyperref Info: PDF/A mode OFF on input line 6106.
LaTeX Info: Redefining \ref on input line 6146.
LaTeX Info: Redefining \pageref on input line 6150.
 (/usr/share/texlive/texmf-dist/tex/latex/base/atbegshi-ltx.sty
Package: atbegshi-ltx 2021/01/10 v1.0c Emulation of the original atbegshi
package with kernel methods
)
\Hy@abspage=\count372
\c@Item=\count373
\c@Hfootnote=\count374
)
Package hyperref Info: Driver (autodetected): hpdftex.
 (/usr/share/texlive/texmf-dist/tex/latex/hyperref/hpdftex.def
File: hpdftex.def 2021-06-07 v7.00m Hyperref driver for pdfTeX
 (/usr/share/texlive/texmf-dist/tex/latex/base/atveryend-ltx.sty
Package: atveryend-ltx 2020/08/19 v1.0a Emulation of the original atveryend package
with kernel methods
)
\Fld@listcount=\count375
\c@bookmark@seq@number=\count376
 (/usr/share/texlive/texmf-dist/tex/latex/rerunfilecheck/rerunfilecheck.sty
Package: rerunfilecheck 2019/12/05 v1.9 Rerun checks for auxiliary files (HO)
 (/usr/share/texlive/texmf-dist/tex/generic/uniquecounter/uniquecounter.sty
Package: uniquecounter 2019/12/15 v1.4 Provide unlimited unique counter (HO)
)
Package uniquecounter Info: New unique counter `rerunfilecheck' on input line 286.
)
\Hy@SectionHShift=\skip93
) (/usr/share/texlive/texmf-dist/tex/latex/csquotes/csquotes.sty
Package: csquotes 2021-02-22 v5.2l context-sensitive quotations (JAW)
\csq@reset=\count377
\csq@gtype=\count378
\csq@glevel=\count379
\csq@qlevel=\count380
\csq@maxlvl=\count381
\csq@tshold=\count382
\csq@ltx@everypar=\toks38
 (/usr/share/texlive/texmf-dist/tex/latex/csquotes/csquotes.def
File: csquotes.def 2021-02-22 v5.2l csquotes generic definitions (JAW)
)
Package csquotes Info: Trying to load configuration file 'csquotes.cfg'...
Package csquotes Info: ... configuration file loaded successfully.
 (/usr/share/texlive/texmf-dist/tex/latex/csquotes/csquotes.cfg
File: csquotes.cfg 
)) (/usr/share/texlive/texmf-dist/tex/latex/biblatex/biblatex.sty
Package: biblatex 2022/02/02 v3.17 programmable bibliographies (PK/MW)
 (/usr/share/texlive/texmf-dist/tex/latex/logreq/logreq.sty
Package: logreq 2010/08/04 v1.0 xml request logger
\lrq@indent=\count383
 (/usr/share/texlive/texmf-dist/tex/latex/logreq/logreq.def
File: logreq.def 2010/08/04 v1.0 logreq spec v1.0
))
\c@tabx@nest=\count384
\c@listtotal=\count385
\c@listcount=\count386
\c@liststart=\count387
\c@liststop=\count388
\c@citecount=\count389
\c@citetotal=\count390
\c@multicitecount=\count391
\c@multicitetotal=\count392
\c@instcount=\count393
\c@maxnames=\count394
\c@minnames=\count395
\c@maxitems=\count396
\c@minitems=\count397
\c@citecounter=\count398
\c@maxcitecounter=\count399
\c@savedcitecounter=\count400
\c@uniquelist=\count401
\c@uniquename=\count402
\c@refsection=\count403
\c@refsegment=\count404
\c@maxextratitle=\count405
\c@maxextratitleyear=\count406
\c@maxextraname=\count407
\c@maxextradate=\count408
\c@maxextraalpha=\count409
\c@abbrvpenalty=\count410
\c@highnamepenalty=\count411
\c@lownamepenalty=\count412
\c@maxparens=\count413
\c@parenlevel=\count414
\blx@tempcnta=\count415
\blx@tempcntb=\count416
\blx@tempcntc=\count417
\c@blx@maxsection=\count418
\c@blx@maxsegment@0=\count419
\blx@notetype=\count420
\blx@parenlevel@text=\count421
\blx@parenlevel@foot=\count422
\c@blx@sectionciteorder@0=\count423
\blx@entrysetcounter=\count424
\blx@biblioinstance=\count425
\labelnumberwidth=\skip94
\labelalphawidth=\skip95
\biblabelsep=\skip96
\bibitemsep=\skip97
\bibnamesep=\skip98
\bibinitsep=\skip99
\bibparsep=\skip100
\bibhang=\skip101
\blx@bcfin=\read5
\blx@bcfout=\write6
\blx@langwohyphens=\language87
\c@mincomprange=\count426
\c@maxcomprange=\count427
\c@mincompwidth=\count428
Package biblatex Info: Trying to load biblatex default data model...
Package biblatex Info: ... file 'blx-dm.def' found.
 (/usr/share/texlive/texmf-dist/tex/latex/biblatex/blx-dm.def
File: blx-dm.def 2022/02/02 v3.17 biblatex localization (PK/MW)
)
Package biblatex Info: Trying to load biblatex style data model...
Package biblatex Info: ... file 'numeric.dbx' not found.
Package biblatex Info: Trying to load biblatex custom data model...
Package biblatex Info: ... file 'biblatex-dm.cfg' not found.
\c@afterword=\count429
\c@savedafterword=\count430
\c@annotator=\count431
\c@savedannotator=\count432
\c@author=\count433
\c@savedauthor=\count434
\c@bookauthor=\count435
\c@savedbookauthor=\count436
\c@commentator=\count437
\c@savedcommentator=\count438
\c@editor=\count439
\c@savededitor=\count440
\c@editora=\count441
\c@savededitora=\count442
\c@editorb=\count443
\c@savededitorb=\count444
\c@editorc=\count445
\c@savededitorc=\count446
\c@foreword=\count447
\c@savedforeword=\count448
\c@holder=\count449
\c@savedholder=\count450
\c@introduction=\count451
\c@savedintroduction=\count452
\c@namea=\count453
\c@savednamea=\count454
\c@nameb=\count455
\c@savednameb=\count456
\c@namec=\count457
\c@savednamec=\count458
\c@translator=\count459
\c@savedtranslator=\count460
\c@shortauthor=\count461
\c@savedshortauthor=\count462
\c@shorteditor=\count463
\c@savedshorteditor=\count464
\c@labelname=\count465
\c@savedlabelname=\count466
\c@institution=\count467
\c@savedinstitution=\count468
\c@lista=\count469
\c@savedlista=\count470
\c@listb=\count471
\c@savedlistb=\count472
\c@listc=\count473
\c@savedlistc=\count474
\c@listd=\count475
\c@savedlistd=\count476
\c@liste=\count477
\c@savedliste=\count478
\c@listf=\count479
\c@savedlistf=\count480
\c@location=\count481
\c@savedlocation=\count482
\c@organization=\count483
\c@savedorganization=\count484
\c@origlocation=\count485
\c@savedoriglocation=\count486
\c@origpublisher=\count487
\c@savedorigpublisher=\count488
\c@publisher=\count489
\c@savedpublisher=\count490
\c@language=\count491
\c@savedlanguage=\count492
\c@origlanguage=\count493
\c@savedoriglanguage=\count494
\c@pageref=\count495
\c@savedpageref=\count496
\shorthandwidth=\skip102
\shortjournalwidth=\skip103
\shortserieswidth=\skip104
\shorttitlewidth=\skip105
\shortauthorwidth=\skip106
\shorteditorwidth=\skip107
\locallabelnumberwidth=\skip108
\locallabelalphawidth=\skip109
\localshorthandwidth=\skip110
\localshortjournalwidth=\skip111
\localshortserieswidth=\skip112
\localshorttitlewidth=\skip113
\localshortauthorwidth=\skip114
\localshorteditorwidth=\skip115
Package biblatex Info: Trying to load compatibility code...
Package biblatex Info: ... file 'blx-compat.def' found.
 (/usr/share/texlive/texmf-dist/tex/latex/biblatex/blx-compat.def
File: blx-compat.def 2022/02/02 v3.17 biblatex compatibility (PK/MW)
)
Package biblatex Info: Trying to load generic definitions...
Package biblatex Info: ... file 'biblatex.def' found.
 (/usr/share/texlive/texmf-dist/tex/latex/biblatex/biblatex.def
File: biblatex.def 2022/02/02 v3.17 biblatex compatibility (PK/MW)
\c@textcitecount=\count497
\c@textcitetotal=\count498
\c@textcitemaxnames=\count499
\c@biburlbigbreakpenalty=\count500
\c@biburlbreakpenalty=\count501
\c@biburlnumpenalty=\count502
\c@biburlucpenalty=\count503
\c@biburllcpenalty=\count504
\biburlbigskip=\muskip18
\biburlnumskip=\muskip19
\biburlucskip=\muskip20
\biburllcskip=\muskip21
\c@smartand=\count505
)
Package biblatex Info: Trying to load bibliography style 'numeric'...
Package biblatex Info: ... file 'numeric.bbx' found.
 (/usr/share/texlive/texmf-dist/tex/latex/biblatex/bbx/numeric.bbx
File: numeric.bbx 2022/02/02 v3.17 biblatex bibliography style (PK/MW)
Package biblatex Info: Trying to load bibliography style 'standard'...
Package biblatex Info: ... file 'standard.bbx' found.
 (/usr/share/texlive/texmf-dist/tex/latex/biblatex/bbx/standard.bbx
File: standard.bbx 2022/02/02 v3.17 biblatex bibliography style (PK/MW)
\c@bbx:relatedcount=\count506
\c@bbx:relatedtotal=\count507
))
Package biblatex Info: Trying to load citation style 'numeric'...
Package biblatex Info: ... file 'numeric.cbx' found.
 (/usr/share/texlive/texmf-dist/tex/latex/biblatex/cbx/numeric.cbx
File: numeric.cbx 2022/02/02 v3.17 biblatex citation style (PK/MW)
Package biblatex Info: Redefining '\cite'.
Package biblatex Info: Redefining '\parencite'.
Package biblatex Info: Redefining '\footcite'.
Package biblatex Info: Redefining '\footcitetext'.
Package biblatex Info: Redefining '\smartcite'.
Package biblatex Info: Redefining '\supercite'.
Package biblatex Info: Redefining '\textcite'.
Package biblatex Info: Redefining '\textcites'.
Package biblatex Info: Redefining '\cites'.
Package biblatex Info: Redefining '\parencites'.
Package biblatex Info: Redefining '\smartcites'.
)
Package biblatex Info: Trying to load configuration file...
Package biblatex Info: ... file 'biblatex.cfg' found.
 (/usr/share/texlive/texmf-dist/tex/latex/biblatex/biblatex.cfg
File: biblatex.cfg 
)
Package biblatex Info: Input encoding 'utf8' detected.
Package biblatex Info: Document encoding is UTF8 ....
 (/usr/share/texlive/texmf-dist/tex/latex/l3kernel/expl3.sty
Package: expl3 2022-01-21 L3 programming layer (loader) 
 (/usr/share/texlive/texmf-dist/tex/latex/l3backend/l3backend-pdftex.def
File: l3backend-pdftex.def 2022-01-12 L3 backend support: PDF output (pdfTeX)
\l__color_backend_stack_int=\count508
\l__pdf_internal_box=\box121
))
Package biblatex Info: ... and expl3
(biblatex)             2022-01-21 L3 programming layer (loader) 
(biblatex)             is new enough (at least 2020/04/06),
(biblatex)             setting 'casechanger=expl3'.
 (/usr/share/texlive/texmf-dist/tex/latex/biblatex/blx-case-expl3.sty (/usr/share/texlive/texmf-dist/tex/latex/l3packages/xparse/xparse.sty
Package: xparse 2022-01-12 L3 Experimental document command parser
)
Package: blx-case-expl3 2022/02/02 v3.17 expl3 case changing code for biblatex
))
Package hyperref Info: Option `colorlinks' set `true' on input line 28.
\c@Theorem=\count509
 (/usr/share/texlive/texmf-dist/tex/latex/listings/lstlang1.sty
File: lstlang1.sty 2020/03/24 1.8d listings language file
)
runsystem(which pygmentize && touch main.aex)...executed.

runsystem(rm main.aex)...executed.

Package csquotes Info: Checking for multilingual support...
Package csquotes Info: ... none found.
 (./main.aux (./sections/abstract.aux) (./sections/introduction.aux) (./sections/state_of_the_art.aux

LaTeX Warning: Label `tab:bit-flips' multiply defined.

) (./sections/fusee_gelee.aux) (./sections/practical.aux) (./sections/nintendo.aux) (./sections/mitigations.aux) (./sections/conclusion.aux))
\openout1 = `main.aux'.

LaTeX Font Info:    Checking defaults for OML/cmm/m/it on input line 73.
LaTeX Font Info:    ... okay on input line 73.
LaTeX Font Info:    Checking defaults for OMS/cmsy/m/n on input line 73.
LaTeX Font Info:    ... okay on input line 73.
LaTeX Font Info:    Checking defaults for OT1/cmr/m/n on input line 73.
LaTeX Font Info:    ... okay on input line 73.
LaTeX Font Info:    Checking defaults for T1/cmr/m/n on input line 73.
LaTeX Font Info:    ... okay on input line 73.
LaTeX Font Info:    Checking defaults for TS1/cmr/m/n on input line 73.
LaTeX Font Info:    ... okay on input line 73.
LaTeX Font Info:    Checking defaults for OMX/cmex/m/n on input line 73.
LaTeX Font Info:    ... okay on input line 73.
LaTeX Font Info:    Checking defaults for U/cmr/m/n on input line 73.
LaTeX Font Info:    ... okay on input line 73.
LaTeX Font Info:    Checking defaults for PD1/pdf/m/n on input line 73.
LaTeX Font Info:    ... okay on input line 73.
LaTeX Font Info:    Checking defaults for PU/pdf/m/n on input line 73.
LaTeX Font Info:    ... okay on input line 73.
 (/usr/share/texlive/texmf-dist/tex/context/base/mkii/supp-pdf.mkii
[Loading MPS to PDF converter (version 2006.09.02).]
\scratchcounter=\count510
\scratchdimen=\dimen272
\scratchbox=\box122
\nofMPsegments=\count511
\nofMParguments=\count512
\everyMPshowfont=\toks39
\MPscratchCnt=\count513
\MPscratchDim=\dimen273
\MPnumerator=\count514
\makeMPintoPDFobject=\count515
\everyMPtoPDFconversion=\toks40
) (/usr/share/texlive/texmf-dist/tex/latex/epstopdf-pkg/epstopdf-base.sty
Package: epstopdf-base 2020-01-24 v2.11 Base part for package epstopdf
Package epstopdf-base Info: Redefining graphics rule for `.eps' on input line 485.
 (/usr/share/texlive/texmf-dist/tex/latex/latexconfig/epstopdf-sys.cfg
File: epstopdf-sys.cfg 2010/07/13 v1.3 Configuration of (r)epstopdf for TeX Live
))
Package caption Info: Begin \AtBeginDocument code.
Package caption Info: hyperref package is loaded.
Package caption Info: listings package is loaded.
Package caption Info: rotating package is loaded.
Package caption Info: End \AtBeginDocument code.
Package lastpage Info: Please have a look at the pageslts package at
(lastpage)             https://www.ctan.org/pkg/pageslts
(lastpage)             ! on input line 73.
 (/usr/share/texlive/texmf-dist/tex/latex/base/textcomp.sty
Package: textcomp 2020/02/02 v2.0n Standard LaTeX package
)
\c@lstlisting=\count516
 (/usr/share/texlive/texmf-dist/tex/latex/pdflscape/pdflscape.sty
Package: pdflscape 2019/12/05 v0.12 Display of landscape pages in PDF (HO)
 (/usr/share/texlive/texmf-dist/tex/latex/graphics/lscape.sty
Package: lscape 2020/05/28 v3.02 Landscape Pages (DPC)
)
Package pdflscape Info: Auto-detected driver: pdftex on input line 81.
) (/usr/share/texlive/texmf-dist/tex/latex/fmtcount/fc-english.def
File: fc-english.def 2016/01/12
)
Package hyperref Info: Link coloring ON on input line 73.
 (/usr/share/texlive/texmf-dist/tex/latex/hyperref/nameref.sty
Package: nameref 2021-04-02 v2.47 Cross-referencing by name of section
 (/usr/share/texlive/texmf-dist/tex/latex/refcount/refcount.sty
Package: refcount 2019/12/15 v3.6 Data extraction from label references (HO)
) (/usr/share/texlive/texmf-dist/tex/generic/gettitlestring/gettitlestring.sty
Package: gettitlestring 2019/12/15 v1.6 Cleanup title references (HO)
)
\c@section@level=\count517
)
LaTeX Info: Redefining \ref on input line 73.
LaTeX Info: Redefining \pageref on input line 73.
LaTeX Info: Redefining \nameref on input line 73.
 (./main.out) (./main.out)
\@outlinefile=\write7
\openout7 = `main.out'.

Package biblatex Info: Trying to load language 'english'...
Package biblatex Info: ... file 'english.lbx' found.
 (/usr/share/texlive/texmf-dist/tex/latex/biblatex/lbx/english.lbx
File: english.lbx 2022/02/02 v3.17 biblatex localization (PK/MW)
)
Package biblatex Info: Input encoding 'utf8' detected.
Package biblatex Info: Automatic encoding selection.
(biblatex)             Assuming data encoding 'utf8'.
\openout6 = `main.bcf'.

Package biblatex Info: Trying to load bibliographic data...
Package biblatex Info: ... file 'main.bbl' found.
 (./main.bbl)
Package biblatex Info: Reference section=0 on input line 73.
Package biblatex Info: Reference segment=0 on input line 73.
\openout2 = `sections/abstract.aux'.

 (./sections/abstract.tex
<./images/unige-logo.png, id=120, 220.825pt x 237.88875pt>
File: ./images/unige-logo.png Graphic file (type png)
<use ./images/unige-logo.png>
Package pdftex.def Info: ./images/unige-logo.png  used on input line 1.
(pdftex.def)             Requested size: 105.64772pt x 113.81102pt.
 [1


{/var/lib/texmf/fonts/map/pdftex/updmap/pdftex.map} <./images/unige-logo.png>] [2

] [3

] (./main.toc
LaTeX Font Info:    Trying to load font information for U+msa on input line 4.
 (/usr/share/texlive/texmf-dist/tex/latex/amsfonts/umsa.fd
File: umsa.fd 2013/01/14 v3.01 AMS symbols A
)
LaTeX Font Info:    Trying to load font information for U+msb on input line 4.
 (/usr/share/texlive/texmf-dist/tex/latex/amsfonts/umsb.fd
File: umsb.fd 2013/01/14 v3.01 AMS symbols B
) [4

])
\tf@toc=\write8
\openout8 = `main.toc'.

 [5] (./main.lot)
\tf@lot=\write9
\openout9 = `main.lot'.

 [6

] (./main.lof)
\tf@lof=\write10
\openout10 = `main.lof'.

 [7

]) (./main.lol)
\tf@lol=\write11
\openout11 = `main.lol'.

 [8



]
\openout2 = `sections/introduction.aux'.

 (./sections/introduction.tex
Chapter 1.
[1


] [2] [3] [4]) [5] [6]
\openout2 = `sections/state_of_the_art.aux'.

 (./sections/state_of_the_art.tex
Chapter 2.
[7




]
\openout4 = `main.pyg'.

 (./_minted-main/default.pygstyle) (./_minted-main/E317A2027A4F738C32E97E6467B823CE8B953879FF4CDA899AB1C778980A7F48.pygtex)
\openout4 = `main.pyg'.

 (./_minted-main/5DFE414B919F2326EBF1A295D4A12CF48B953879FF4CDA899AB1C778980A7F48.pygtex)
<images/cellrows.png, id=285, 325.215pt x 241.90375pt>
File: images/cellrows.png Graphic file (type png)
<use images/cellrows.png>
Package pdftex.def Info: images/cellrows.png  used on input line 82.
(pdftex.def)             Requested size: 99.01508pt x 73.64949pt.
<images/singlecell.png, id=286, 230.8625pt x 231.86626pt>
File: images/singlecell.png Graphic file (type png)
<use images/singlecell.png>
Package pdftex.def Info: images/singlecell.png  used on input line 86.
(pdftex.def)             Requested size: 74.26318pt x 74.58435pt.
 [8 <./images/cellrows.png> <./images/singlecell.png>]
\openout4 = `main.pyg'.

 (./_minted-main/26BBE195814E48D0CD3F56D955B88E77920C9EBDDD817EE435B930B9CEAE1D57.pygtex
LaTeX Font Info:    Font shape `OT1/cmtt/bx/n' in size <10.95> not available
(Font)              Font shape `OT1/cmtt/m/n' tried instead on input line 2.
)

Package caption Warning: The option `hypcap=true' will be ignored for this
(caption)                particular \caption on input line 139.
See the caption package documentation for explanation.

[9]
<images/intel-cpu.png, id=321, 432.11438pt x 620.3175pt>
File: images/intel-cpu.png Graphic file (type png)
<use images/intel-cpu.png>
Package pdftex.def Info: images/intel-cpu.png  used on input line 149.
(pdftex.def)             Requested size: 247.54149pt x 355.35466pt.
 [10 <./images/intel-cpu.png>]
\openout4 = `main.pyg'.

 (./_minted-main/B69B58E6D2469015B7C63C64337DA7C28B953879FF4CDA899AB1C778980A7F48.pygtex)

Package caption Warning: The option `hypcap=true' will be ignored for this
(caption)                particular \caption on input line 165.
See the caption package documentation for explanation.

[11] [12]
Underfull \hbox (badness 10000) in paragraph at lines 260--261

 []

\openout4 = `main.pyg'.

(./_minted-main/4A22CD72AFA2BCFF249568999E00E50F5018845A16FEE2F871CFA2D2B2CFB1C6.pygtex [13])

Package caption Warning: \captionsetup{type*=...} or \captionof
(caption)                outside box or environment on input line 298.
See the caption package documentation for explanation.


Package caption Warning: The option `hypcap=true' will be ignored for this
(caption)                particular \caption on input line 298.
See the caption package documentation for explanation.

[14]
\openout4 = `main.pyg'.

 (./_minted-main/3D98D66304DDE385C8A5B98A1221A7875018845A16FEE2F871CFA2D2B2CFB1C6.pygtex)

Package caption Warning: The option `hypcap=true' will be ignored for this
(caption)                particular \caption on input line 322.
See the caption package documentation for explanation.

\openout4 = `main.pyg'.

(./_minted-main/DFBD5B51B65DCF86BAC0721F78169EAB5018845A16FEE2F871CFA2D2B2CFB1C6.pygtex [15])

Package caption Warning: The option `hypcap=true' will be ignored for this
(caption)                particular \caption on input line 346.
See the caption package documentation for explanation.


Underfull \hbox (badness 10000) in paragraph at lines 361--362

 []

\openout4 = `main.pyg'.

(./_minted-main/AB81C35FDA3BE41CA00D250B45678E035018845A16FEE2F871CFA2D2B2CFB1C6.pygtex) [16]
<images/glitch.png, id=386, 462.97969pt x 201.00093pt>
File: images/glitch.png Graphic file (type png)
<use images/glitch.png>
Package pdftex.def Info: images/glitch.png  used on input line 382.
(pdftex.def)             Requested size: 247.54149pt x 107.46848pt.

Underfull \hbox (badness 10000) in paragraph at lines 387--389

 []

\openout4 = `main.pyg'.

(./_minted-main/A9A65537DDB7C8CA1751FE425D15660E5018845A16FEE2F871CFA2D2B2CFB1C6.pygtex [17 <./images/glitch.png>])

Package caption Warning: The option `hypcap=true' will be ignored for this
(caption)                particular \caption on input line 410.
See the caption package documentation for explanation.

\openout4 = `main.pyg'.

(./_minted-main/DA1901A2DD2B7DAE35DC13D40253EFD65018845A16FEE2F871CFA2D2B2CFB1C6.pygtex)

Package caption Warning: The option `hypcap=true' will be ignored for this
(caption)                particular \caption on input line 446.
See the caption package documentation for explanation.

[18] [19]
Underfull \hbox (badness 10000) in paragraph at lines 488--489

 []

\openout4 = `main.pyg'.

(./_minted-main/5277549F0A9D1020CE32B84B3125D03962FD7D625D48406DBBB4A37322801FAF.pygtex [20])

Package caption Warning: The option `hypcap=true' will be ignored for this
(caption)                particular \caption on input line 501.
See the caption package documentation for explanation.

[21] [22] [23] [24]) [25]
\openout2 = `sections/fusee_gelee.aux'.

 (./sections/fusee_gelee.tex
Chapter 3.
) [26




]
\openout2 = `sections/practical.aux'.

 (./sections/practical.tex
Chapter 4.
) [27




]
\openout2 = `sections/nintendo.aux'.

 (./sections/nintendo.tex
Chapter 5.
) [28




]
\openout2 = `sections/mitigations.aux'.

 (./sections/mitigations.tex
Chapter 6.
) [29




]
\openout2 = `sections/conclusion.aux'.

 (./sections/conclusion.tex
Chapter 7.
) [30




]
Overfull \hbox (211.67883pt too wide) in paragraph at lines 98--98
[]\OT1/cmr/m/it/10.95 /Docs/Man1.1.1/Man3/CRYPTO[]memcmp.Html\OT1/cmr/m/n/10.95 . https://www.openssl.org/docs/man1.1.1/man3/CRYPTO[]memcmp.html.
 []


Underfull \hbox (badness 7256) in paragraph at lines 98--98
[]\OT1/cmr/m/n/10.95 Steven Burke. \OT1/cmr/m/it/10.95 In-tel Un-leashes 'Com-pre-hen-sive' Threat Mit-i-ga-tion Re-
 []


Underfull \hbox (badness 10000) in paragraph at lines 98--98
\OT1/cmr/m/it/10.95 sponse To Spec-tre And Melt-down Se-cu-rity Vul-ner-a-bil-i-ties | CRN\OT1/cmr/m/n/10.95 .
 []


Underfull \hbox (badness 10000) in paragraph at lines 98--98
\OT1/cmr/m/n/10.95 https://www.crn.com/news/security/300097426/intel-unleashes-comprehensive-
 []


Underfull \hbox (badness 10000) in paragraph at lines 98--98
\OT1/cmr/m/n/10.95 threat-mitigation-response-to-spectre-and-meltdown-security-vulnerabilities.
 []


Underfull \hbox (badness 3907) in paragraph at lines 98--98
[]\OT1/cmr/m/n/10.95 \  Dig-i-tal Rights Man-age-ment". In: \OT1/cmr/m/it/10.95 Wikipedia \OT1/cmr/m/n/10.95 (Mar. 2024). (Vis-ited on
 []


Underfull \hbox (badness 10000) in paragraph at lines 98--98
[]\OT1/cmr/m/it/10.95 Graphene: Strong yet Lightweight Row Ham-mer Pro-tec-
 []


Underfull \hbox (badness 10000) in paragraph at lines 98--98
\OT1/cmr/m/it/10.95 tion | IEEE Con-fer-ence Pub-li-ca-tion | IEEE Xplore\OT1/cmr/m/n/10.95 .
 []


Underfull \hbox (badness 10000) in paragraph at lines 98--98
\OT1/cmr/m/n/10.95 https://ieeexplore.ieee.org/abstract/document/9251863. (Vis-ited on
 []


Underfull \hbox (badness 2435) in paragraph at lines 98--98
[]\OT1/cmr/m/n/10.95 Nima Ka-vand et al. \  Se-cur-ing Hard-ware through Re-con-fig-urable Nano-
 []

[31



]
Underfull \hbox (badness 6316) in paragraph at lines 98--98
[]\OT1/cmr/m/n/10.95 Paul Kocher et al. \OT1/cmr/m/it/10.95 Spec-tre At-tacks: Ex-ploit-ing Spec-u-la-tive Ex-e-cu-tion\OT1/cmr/m/n/10.95 .
 []


Underfull \hbox (badness 1158) in paragraph at lines 98--98
[]\OT1/cmr/m/n/10.95 Abhranil Maiti et al. \  A Large Scale Char-ac-ter-i-za-tion of RO-PUF". In:
 []

[32]
Underfull \hbox (badness 10000) in paragraph at lines 98--98
\OT1/cmr/m/it/10.95 Switch Hack-able [Up-dated]\OT1/cmr/m/n/10.95 . https://arstechnica.com/gaming/2018/04/the-
 []


Underfull \hbox (badness 10000) in paragraph at lines 98--98
\OT1/cmr/m/n/10.95 unpatchable-exploit-that-makes-every-current-nintendo-switch-hackable/. Apr.
 []


Underfull \hbox (badness 2142) in paragraph at lines 98--98
\OT1/cmr/m/it/10.95 Based Code In-tegrity - Win-dows Se-cu-rity\OT1/cmr/m/n/10.95 . https://learn.microsoft.com/en-
 []


Underfull \hbox (badness 10000) in paragraph at lines 98--98
\OT1/cmr/m/n/10.95 us/windows/security/application-security/application-control/introduction-to-
 []


Underfull \hbox (badness 10000) in paragraph at lines 98--98
\OT1/cmr/m/n/10.95 device-guard-virtualization-based-security-and-windows-defender-application-
 []


AED: lastpage setting LastPage
[33] (./main.aux (./sections/abstract.aux) (./sections/introduction.aux) (./sections/state_of_the_art.aux) (./sections/fusee_gelee.aux) (./sections/practical.aux) (./sections/nintendo.aux) (./sections/mitigations.aux) (./sections/conclusion.aux))

LaTeX Warning: There were multiply-defined labels.

Package rerunfilecheck Info: File `main.out' has not changed.
(rerunfilecheck)             Checksum: C68A3908804A8DDA6A39ED7147BE94EB;5117.
runsystem(rm main.pyg)...executed.

Package logreq Info: Writing requests to 'main.run.xml'.
\openout1 = `main.run.xml'.

 ) 
Here is how much of TeX's memory you used:
 27938 strings out of 478287
 509349 string characters out of 5849289
 1285881 words of memory out of 5000000
 45470 multiletter control sequences out of 15000+600000
 481376 words of font info for 74 fonts, out of 8000000 for 9000
 1141 hyphenation exceptions out of 8191
 74i,9n,77p,3108b,1785s stack positions out of 5000i,500n,10000p,200000b,80000s
{/usr/share/texmf/fonts/enc/dvips/cm-super/cm-super-ts1.enc}</usr/share/texlive/texmf-dist/fonts/type1/public/amsfonts/cm/cmbx10.pfb></usr/share/texlive/texmf-dist/fonts/type1/public/amsfonts/cm/cmbx12.pfb></usr/share/texlive/texmf-dist/fonts/type1/public/amsfonts/cm/cmcsc10.pfb></usr/share/texlive/texmf-dist/fonts/type1/public/amsfonts/cm/cmex10.pfb></usr/share/texlive/texmf-dist/fonts/type1/public/amsfonts/cm/cmitt10.pfb></usr/share/texlive/texmf-dist/fonts/type1/public/amsfonts/cm/cmmi10.pfb></usr/share/texlive/texmf-dist/fonts/type1/public/amsfonts/cm/cmmi6.pfb></usr/share/texlive/texmf-dist/fonts/type1/public/amsfonts/cm/cmmi8.pfb></usr/share/texlive/texmf-dist/fonts/type1/public/amsfonts/cm/cmr10.pfb></usr/share/texlive/texmf-dist/fonts/type1/public/amsfonts/cm/cmr6.pfb></usr/share/texlive/texmf-dist/fonts/type1/public/amsfonts/cm/cmr8.pfb></usr/share/texlive/texmf-dist/fonts/type1/public/amsfonts/cm/cmsy10.pfb></usr/share/texlive/texmf-dist/fonts/type1/public/amsfonts/cm/cmsy6.pfb></usr/share/texlive/texmf-dist/fonts/type1/public/amsfonts/cm/cmsy8.pfb></usr/share/texlive/texmf-dist/fonts/type1/public/amsfonts/cm/cmti10.pfb></usr/share/texlive/texmf-dist/fonts/type1/public/amsfonts/cm/cmtt10.pfb></usr/share/texmf/fonts/type1/public/cm-super/sfrm1095.pfb>
Output written on main.pdf (41 pages, 416136 bytes).
PDF statistics:
 646 PDF objects out of 1000 (max. 8388607)
 548 compressed objects within 6 object streams
 168 named destinations out of 1000 (max. 500000)
 258 words of extra memory for PDF output out of 10000 (max. 10000000)

